This file contains any messages produced by compilers while
running configure, to aid debugging if configure makes a mistake.

It was created by tokyotyrant configure 1.1.33, which was
generated by GNU Autoconf 2.61.  Invocation command line was

  $ ./configure 

## --------- ##
## Platform. ##
## --------- ##

hostname = bogon
uname -m = x86_64
uname -r = 4.0.0-kali1-amd64
uname -s = Linux
uname -v = #1 SMP Debian 4.0.4-1+kali2 (2015-06-03)

/usr/bin/uname -p = unknown
/bin/uname -X     = unknown

/bin/arch              = unknown
/usr/bin/arch -k       = unknown
/usr/convex/getsysinfo = unknown
/usr/bin/hostinfo      = unknown
/bin/machine           = unknown
/usr/bin/oslevel       = unknown
/bin/universe          = unknown

PATH: /usr/local/sbin
PATH: /usr/local/bin
PATH: /usr/sbin
PATH: /usr/bin
PATH: /sbin
PATH: /bin


## ----------- ##
## Core tests. ##
## ----------- ##

configure:1983: checking for gcc
configure:1999: found /usr/bin/gcc
configure:2010: result: gcc
configure:2248: checking for C compiler version
configure:2255: gcc --version >&5
gcc (Debian 4.9.2-10) 4.9.2
Copyright (C) 2014 Free Software Foundation, Inc.
This is free software; see the source for copying conditions.  There is NO
warranty; not even for MERCHANTABILITY or FITNESS FOR A PARTICULAR PURPOSE.

configure:2258: $? = 0
configure:2265: gcc -v >&5
Using built-in specs.
COLLECT_GCC=gcc
COLLECT_LTO_WRAPPER=/usr/lib/gcc/x86_64-linux-gnu/4.9/lto-wrapper
Target: x86_64-linux-gnu
Configured with: ../src/configure -v --with-pkgversion='Debian 4.9.2-10' --with-bugurl=file:///usr/share/doc/gcc-4.9/README.Bugs --enable-languages=c,c++,java,go,d,fortran,objc,obj-c++ --prefix=/usr --program-suffix=-4.9 --enable-shared --enable-linker-build-id --libexecdir=/usr/lib --without-included-gettext --enable-threads=posix --with-gxx-include-dir=/usr/include/c++/4.9 --libdir=/usr/lib --enable-nls --with-sysroot=/ --enable-clocale=gnu --enable-libstdcxx-debug --enable-libstdcxx-time=yes --enable-gnu-unique-object --disable-vtable-verify --enable-plugin --with-system-zlib --disable-browser-plugin --enable-java-awt=gtk --enable-gtk-cairo --with-java-home=/usr/lib/jvm/java-1.5.0-gcj-4.9-amd64/jre --enable-java-home --with-jvm-root-dir=/usr/lib/jvm/java-1.5.0-gcj-4.9-amd64 --with-jvm-jar-dir=/usr/lib/jvm-exports/java-1.5.0-gcj-4.9-amd64 --with-arch-directory=amd64 --with-ecj-jar=/usr/share/java/eclipse-ecj.jar --enable-objc-gc --enable-multiarch --with-arch-32=i586 --with-abi=m64 --with-multilib-list=m32,m64,mx32 --enable-multilib --with-tune=generic --enable-checking=release --build=x86_64-linux-gnu --host=x86_64-linux-gnu --target=x86_64-linux-gnu
Thread model: posix
gcc version 4.9.2 (Debian 4.9.2-10) 
configure:2268: $? = 0
configure:2275: gcc -V >&5
gcc: error: unrecognized command line option '-V'
gcc: fatal error: no input files
compilation terminated.
configure:2278: $? = 4
configure:2301: checking for C compiler default output file name
configure:2328: gcc    conftest.c  >&5
configure:2331: $? = 0
configure:2369: result: a.out
configure:2386: checking whether the C compiler works
configure:2396: ./a.out
configure:2399: $? = 0
configure:2416: result: yes
configure:2423: checking whether we are cross compiling
configure:2425: result: no
configure:2428: checking for suffix of executables
configure:2435: gcc -o conftest    conftest.c  >&5
configure:2438: $? = 0
configure:2462: result: 
configure:2468: checking for suffix of object files
configure:2494: gcc -c   conftest.c >&5
configure:2497: $? = 0
configure:2520: result: o
configure:2524: checking whether we are using the GNU C compiler
configure:2553: gcc -c   conftest.c >&5
configure:2559: $? = 0
configure:2576: result: yes
configure:2581: checking whether gcc accepts -g
configure:2611: gcc -c -g  conftest.c >&5
configure:2617: $? = 0
configure:2716: result: yes
configure:2733: checking for gcc option to accept ISO C89
configure:2807: gcc  -c -g -O2  conftest.c >&5
configure:2813: $? = 0
configure:2836: result: none needed
configure:2873: checking how to run the C preprocessor
configure:2913: gcc -E  conftest.c
configure:2919: $? = 0
configure:2950: gcc -E  conftest.c
conftest.c:8:28: fatal error: ac_nonexistent.h: No such file or directory
 #include <ac_nonexistent.h>
                            ^
compilation terminated.
configure:2956: $? = 1
configure: failed program was:
| /* confdefs.h.  */
| #define PACKAGE_NAME "tokyotyrant"
| #define PACKAGE_TARNAME "tokyotyrant"
| #define PACKAGE_VERSION "1.1.33"
| #define PACKAGE_STRING "tokyotyrant 1.1.33"
| #define PACKAGE_BUGREPORT ""
| /* end confdefs.h.  */
| #include <ac_nonexistent.h>
configure:2989: result: gcc -E
configure:3018: gcc -E  conftest.c
configure:3024: $? = 0
configure:3055: gcc -E  conftest.c
conftest.c:8:28: fatal error: ac_nonexistent.h: No such file or directory
 #include <ac_nonexistent.h>
                            ^
compilation terminated.
configure:3061: $? = 1
configure: failed program was:
| /* confdefs.h.  */
| #define PACKAGE_NAME "tokyotyrant"
| #define PACKAGE_TARNAME "tokyotyrant"
| #define PACKAGE_VERSION "1.1.33"
| #define PACKAGE_STRING "tokyotyrant 1.1.33"
| #define PACKAGE_BUGREPORT ""
| /* end confdefs.h.  */
| #include <ac_nonexistent.h>
configure:3099: checking for grep that handles long lines and -e
configure:3173: result: /bin/grep
configure:3178: checking for egrep
configure:3256: result: /bin/grep -E
configure:3261: checking for ANSI C header files
configure:3291: gcc -c -g -O2  conftest.c >&5
configure:3297: $? = 0
configure:3396: gcc -o conftest -g -O2   conftest.c  >&5
configure:3399: $? = 0
configure:3405: ./conftest
configure:3408: $? = 0
configure:3425: result: yes
configure:3449: checking for sys/types.h
configure:3470: gcc -c -g -O2  conftest.c >&5
configure:3476: $? = 0
configure:3492: result: yes
configure:3449: checking for sys/stat.h
configure:3470: gcc -c -g -O2  conftest.c >&5
configure:3476: $? = 0
configure:3492: result: yes
configure:3449: checking for stdlib.h
configure:3470: gcc -c -g -O2  conftest.c >&5
configure:3476: $? = 0
configure:3492: result: yes
configure:3449: checking for string.h
configure:3470: gcc -c -g -O2  conftest.c >&5
configure:3476: $? = 0
configure:3492: result: yes
configure:3449: checking for memory.h
configure:3470: gcc -c -g -O2  conftest.c >&5
configure:3476: $? = 0
configure:3492: result: yes
configure:3449: checking for strings.h
configure:3470: gcc -c -g -O2  conftest.c >&5
configure:3476: $? = 0
configure:3492: result: yes
configure:3449: checking for inttypes.h
configure:3470: gcc -c -g -O2  conftest.c >&5
configure:3476: $? = 0
configure:3492: result: yes
configure:3449: checking for stdint.h
configure:3470: gcc -c -g -O2  conftest.c >&5
configure:3476: $? = 0
configure:3492: result: yes
configure:3449: checking for unistd.h
configure:3470: gcc -c -g -O2  conftest.c >&5
configure:3476: $? = 0
configure:3492: result: yes
configure:3504: checking whether byte ordering is bigendian
configure:3537: gcc -c -g -O2  conftest.c >&5
configure:3543: $? = 0
configure:3575: gcc -c -g -O2  conftest.c >&5
conftest.c: In function 'main':
conftest.c:25:2: error: unknown type name 'not'
  not big endian
  ^
conftest.c:25:10: error: expected '=', ',', ';', 'asm' or '__attribute__' before 'endian'
  not big endian
          ^
configure:3581: $? = 1
configure: failed program was:
| /* confdefs.h.  */
| #define PACKAGE_NAME "tokyotyrant"
| #define PACKAGE_TARNAME "tokyotyrant"
| #define PACKAGE_VERSION "1.1.33"
| #define PACKAGE_STRING "tokyotyrant 1.1.33"
| #define PACKAGE_BUGREPORT ""
| #define STDC_HEADERS 1
| #define HAVE_SYS_TYPES_H 1
| #define HAVE_SYS_STAT_H 1
| #define HAVE_STDLIB_H 1
| #define HAVE_STRING_H 1
| #define HAVE_MEMORY_H 1
| #define HAVE_STRINGS_H 1
| #define HAVE_INTTYPES_H 1
| #define HAVE_STDINT_H 1
| #define HAVE_UNISTD_H 1
| /* end confdefs.h.  */
| #include <sys/types.h>
| #include <sys/param.h>
| 
| int
| main ()
| {
| #if BYTE_ORDER != BIG_ENDIAN
|  not big endian
| #endif
| 
|   ;
|   return 0;
| }
configure:3721: result: no
configure:3739: checking for main in -lc
configure:3768: gcc -o conftest -g -O2   conftest.c -lc   >&5
configure:3774: $? = 0
configure:3792: result: yes
configure:3804: checking for main in -lm
configure:3833: gcc -o conftest -g -O2   conftest.c -lm  -lc  >&5
configure:3839: $? = 0
configure:3857: result: yes
configure:3869: checking for main in -lpthread
configure:3898: gcc -o conftest -g -O2   conftest.c -lpthread  -lm -lc  >&5
configure:3904: $? = 0
configure:3922: result: yes
configure:3934: checking for main in -lrt
configure:3963: gcc -o conftest -g -O2   conftest.c -lrt  -lpthread -lm -lc  >&5
configure:3969: $? = 0
configure:3987: result: yes
configure:3999: checking for main in -ldl
configure:4028: gcc -o conftest -g -O2   conftest.c -ldl  -lrt -lpthread -lm -lc  >&5
configure:4034: $? = 0
configure:4052: result: yes
configure:4064: checking for main in -lnsl
configure:4093: gcc -o conftest -g -O2   conftest.c -lnsl  -ldl -lrt -lpthread -lm -lc  >&5
configure:4099: $? = 0
configure:4117: result: yes
configure:4129: checking for main in -lsocket
configure:4158: gcc -o conftest -g -O2   conftest.c -lsocket  -lnsl -ldl -lrt -lpthread -lm -lc  >&5
/usr/bin/ld: cannot find -lsocket
collect2: error: ld returned 1 exit status
configure:4164: $? = 1
configure: failed program was:
| /* confdefs.h.  */
| #define PACKAGE_NAME "tokyotyrant"
| #define PACKAGE_TARNAME "tokyotyrant"
| #define PACKAGE_VERSION "1.1.33"
| #define PACKAGE_STRING "tokyotyrant 1.1.33"
| #define PACKAGE_BUGREPORT ""
| #define STDC_HEADERS 1
| #define HAVE_SYS_TYPES_H 1
| #define HAVE_SYS_STAT_H 1
| #define HAVE_STDLIB_H 1
| #define HAVE_STRING_H 1
| #define HAVE_MEMORY_H 1
| #define HAVE_STRINGS_H 1
| #define HAVE_INTTYPES_H 1
| #define HAVE_STDINT_H 1
| #define HAVE_UNISTD_H 1
| #define HAVE_LIBC 1
| #define HAVE_LIBM 1
| #define HAVE_LIBPTHREAD 1
| #define HAVE_LIBRT 1
| #define HAVE_LIBDL 1
| #define HAVE_LIBNSL 1
| /* end confdefs.h.  */
| 
| 
| int
| main ()
| {
| return main ();
|   ;
|   return 0;
| }
configure:4182: result: no
configure:4194: checking for main in -lresolv
configure:4223: gcc -o conftest -g -O2   conftest.c -lresolv  -lnsl -ldl -lrt -lpthread -lm -lc  >&5
configure:4229: $? = 0
configure:4247: result: yes
configure:4259: checking for main in -lz
configure:4288: gcc -o conftest -g -O2   conftest.c -lz  -lresolv -lnsl -ldl -lrt -lpthread -lm -lc  >&5
configure:4294: $? = 0
configure:4312: result: yes
configure:4324: checking for main in -lbz2
configure:4353: gcc -o conftest -g -O2   conftest.c -lbz2  -lz -lresolv -lnsl -ldl -lrt -lpthread -lm -lc  >&5
configure:4359: $? = 0
configure:4377: result: yes
configure:4389: checking for main in -ltokyocabinet
configure:4418: gcc -o conftest -g -O2   conftest.c -ltokyocabinet  -lbz2 -lz -lresolv -lnsl -ldl -lrt -lpthread -lm -lc  >&5
configure:4424: $? = 0
configure:4442: result: yes
configure:4588: checking for main in -ltokyotyrant
configure:4617: gcc -o conftest -g -O2   conftest.c -ltokyotyrant  -ltokyocabinet -lbz2 -lz -lresolv -lnsl -ldl -lrt -lpthread -lm -lc  >&5
/usr/bin/ld: cannot find -ltokyotyrant
collect2: error: ld returned 1 exit status
configure:4623: $? = 1
configure: failed program was:
| /* confdefs.h.  */
| #define PACKAGE_NAME "tokyotyrant"
| #define PACKAGE_TARNAME "tokyotyrant"
| #define PACKAGE_VERSION "1.1.33"
| #define PACKAGE_STRING "tokyotyrant 1.1.33"
| #define PACKAGE_BUGREPORT ""
| #define STDC_HEADERS 1
| #define HAVE_SYS_TYPES_H 1
| #define HAVE_SYS_STAT_H 1
| #define HAVE_STDLIB_H 1
| #define HAVE_STRING_H 1
| #define HAVE_MEMORY_H 1
| #define HAVE_STRINGS_H 1
| #define HAVE_INTTYPES_H 1
| #define HAVE_STDINT_H 1
| #define HAVE_UNISTD_H 1
| #define HAVE_LIBC 1
| #define HAVE_LIBM 1
| #define HAVE_LIBPTHREAD 1
| #define HAVE_LIBRT 1
| #define HAVE_LIBDL 1
| #define HAVE_LIBNSL 1
| #define HAVE_LIBRESOLV 1
| #define HAVE_LIBZ 1
| #define HAVE_LIBBZ2 1
| #define HAVE_LIBTOKYOCABINET 1
| /* end confdefs.h.  */
| 
| 
| int
| main ()
| {
| return main ();
|   ;
|   return 0;
| }
configure:4641: result: no
configure:4651: checking for stdlib.h
configure:4656: result: yes
configure:4785: checking for stdint.h
configure:4790: result: yes
configure:4919: checking for unistd.h
configure:4924: result: yes
configure:5062: checking pthread.h usability
configure:5079: gcc -c -g -O2  conftest.c >&5
configure:5085: $? = 0
configure:5099: result: yes
configure:5103: checking pthread.h presence
configure:5118: gcc -E  conftest.c
configure:5124: $? = 0
configure:5138: result: yes
configure:5166: checking for pthread.h
configure:5173: result: yes
configure:5196: checking tcutil.h usability
configure:5213: gcc -c -g -O2  conftest.c >&5
configure:5219: $? = 0
configure:5233: result: yes
configure:5237: checking tcutil.h presence
configure:5252: gcc -E  conftest.c
configure:5258: $? = 0
configure:5272: result: yes
configure:5300: checking for tcutil.h
configure:5307: result: yes
configure:5640: creating ./config.status

## ---------------------- ##
## Running config.status. ##
## ---------------------- ##

This file was extended by tokyotyrant config.status 1.1.33, which was
generated by GNU Autoconf 2.61.  Invocation command line was

  CONFIG_FILES    = 
  CONFIG_HEADERS  = 
  CONFIG_LINKS    = 
  CONFIG_COMMANDS = 
  $ ./config.status 

on bogon

config.status:596: creating Makefile
config.status:596: creating tokyotyrant.pc

## ---------------- ##
## Cache variables. ##
## ---------------- ##

ac_cv_c_bigendian=no
ac_cv_c_compiler_gnu=yes
ac_cv_env_CC_set=
ac_cv_env_CC_value=
ac_cv_env_CFLAGS_set=
ac_cv_env_CFLAGS_value=
ac_cv_env_CPPFLAGS_set=
ac_cv_env_CPPFLAGS_value=
ac_cv_env_CPP_set=
ac_cv_env_CPP_value=
ac_cv_env_LDFLAGS_set=
ac_cv_env_LDFLAGS_value=
ac_cv_env_LIBS_set=
ac_cv_env_LIBS_value=
ac_cv_env_build_alias_set=
ac_cv_env_build_alias_value=
ac_cv_env_host_alias_set=
ac_cv_env_host_alias_value=
ac_cv_env_target_alias_set=
ac_cv_env_target_alias_value=
ac_cv_header_inttypes_h=yes
ac_cv_header_memory_h=yes
ac_cv_header_pthread_h=yes
ac_cv_header_stdc=yes
ac_cv_header_stdint_h=yes
ac_cv_header_stdlib_h=yes
ac_cv_header_string_h=yes
ac_cv_header_strings_h=yes
ac_cv_header_sys_stat_h=yes
ac_cv_header_sys_types_h=yes
ac_cv_header_tcutil_h=yes
ac_cv_header_unistd_h=yes
ac_cv_lib_bz2_main=yes
ac_cv_lib_c_main=yes
ac_cv_lib_dl_main=yes
ac_cv_lib_m_main=yes
ac_cv_lib_nsl_main=yes
ac_cv_lib_pthread_main=yes
ac_cv_lib_resolv_main=yes
ac_cv_lib_rt_main=yes
ac_cv_lib_socket_main=no
ac_cv_lib_tokyocabinet_main=yes
ac_cv_lib_tokyotyrant_main=no
ac_cv_lib_z_main=yes
ac_cv_objext=o
ac_cv_path_EGREP='/bin/grep -E'
ac_cv_path_GREP=/bin/grep
ac_cv_prog_CPP='gcc -E'
ac_cv_prog_ac_ct_CC=gcc
ac_cv_prog_cc_c89=
ac_cv_prog_cc_g=yes

## ----------------- ##
## Output variables. ##
## ----------------- ##

CC='gcc'
CFLAGS='-g -O2'
CPP='gcc -E'
CPPFLAGS=''
DEFS='-DPACKAGE_NAME=\"tokyotyrant\" -DPACKAGE_TARNAME=\"tokyotyrant\" -DPACKAGE_VERSION=\"1.1.33\" -DPACKAGE_STRING=\"tokyotyrant\ 1.1.33\" -DPACKAGE_BUGREPORT=\"\" -DSTDC_HEADERS=1 -DHAVE_SYS_TYPES_H=1 -DHAVE_SYS_STAT_H=1 -DHAVE_STDLIB_H=1 -DHAVE_STRING_H=1 -DHAVE_MEMORY_H=1 -DHAVE_STRINGS_H=1 -DHAVE_INTTYPES_H=1 -DHAVE_STDINT_H=1 -DHAVE_UNISTD_H=1 -DHAVE_LIBC=1 -DHAVE_LIBM=1 -DHAVE_LIBPTHREAD=1 -DHAVE_LIBRT=1 -DHAVE_LIBDL=1 -DHAVE_LIBNSL=1 -DHAVE_LIBRESOLV=1 -DHAVE_LIBZ=1 -DHAVE_LIBBZ2=1 -DHAVE_LIBTOKYOCABINET=1'
ECHO_C=''
ECHO_N='-n'
ECHO_T=''
EGREP='/bin/grep -E'
EXEEXT=''
GREP='/bin/grep'
LDFLAGS=''
LIBOBJS=''
LIBS='-ltokyocabinet -lbz2 -lz -lresolv -lnsl -ldl -lrt -lpthread -lm -lc '
LTLIBOBJS=''
MYCFLAGS='-g -O2 -std=c99 -Wall -fPIC -fsigned-char -O2'
MYCMDLDFLAGS=''
MYCOMMANDFILES='ttserver ttulmgr ttultest tcrtest tcrmttest tcrmgr'
MYCPPFLAGS='-I. -I$(INCLUDEDIR) -I/root/include -I/usr/local/include -DNDEBUG -D_GNU_SOURCE=1 -D_REENTRANT -D__EXTENSIONS__'
MYDOCUMENTFILES='COPYING ChangeLog THANKS doc'
MYHEADERFILES='ttutil.h tculog.h tcrdb.h'
MYINITFILES='ttservctl'
MYLDFLAGS='-L. -L$(LIBDIR) -L/root/lib -L/usr/local/lib'
MYLDLIBPATHENV='LD_LIBRARY_PATH'
MYLIBOBJFILES='ttutil.o tculog.o tcrdb.o myconf.o'
MYLIBRARYFILES='libtokyotyrant.a libtokyotyrant.so.3.16.0 libtokyotyrant.so.3 libtokyotyrant.so ttskelmock.so ttskeldir.so ttskelproxy.so ttskelnull.so'
MYLIBREV='16'
MYLIBVER='3'
MYMAN1FILES='ttserver.1 ttulmgr.1 ttultest.1 tcrtest.1 tcrmttest.1 tcrmgr.1'
MYMAN3FILES='ttutil.3 tculog.3 tcrdb.3'
MYMAN8FILES='ttservctl.8'
MYPCFILES='tokyotyrant.pc'
MYPOSTCMD='true'
MYPROTVER='0.91'
MYRUNPATH='$(LIBDIR)'
MYSCREXTFILES='ext'
OBJEXT='o'
PACKAGE_BUGREPORT=''
PACKAGE_NAME='tokyotyrant'
PACKAGE_STRING='tokyotyrant 1.1.33'
PACKAGE_TARNAME='tokyotyrant'
PACKAGE_VERSION='1.1.33'
PATH_SEPARATOR=':'
SHELL='/bin/bash'
ac_ct_CC='gcc'
bindir='${exec_prefix}/bin'
build_alias=''
datadir='${datarootdir}'
datarootdir='${prefix}/share'
docdir='${datarootdir}/doc/${PACKAGE_TARNAME}'
dvidir='${docdir}'
exec_prefix='${prefix}'
host_alias=''
htmldir='${docdir}'
includedir='${prefix}/include'
infodir='${datarootdir}/info'
libdir='${exec_prefix}/lib'
libexecdir='${exec_prefix}/libexec'
localedir='${datarootdir}/locale'
localstatedir='${prefix}/var'
mandir='${datarootdir}/man'
oldincludedir='/usr/include'
pdfdir='${docdir}'
prefix='/usr/local'
program_transform_name='s,x,x,'
psdir='${docdir}'
sbindir='${exec_prefix}/sbin'
sharedstatedir='${prefix}/com'
sysconfdir='${prefix}/etc'
target_alias=''

## ----------- ##
## confdefs.h. ##
## ----------- ##

#define PACKAGE_NAME "tokyotyrant"
#define PACKAGE_TARNAME "tokyotyrant"
#define PACKAGE_VERSION "1.1.33"
#define PACKAGE_STRING "tokyotyrant 1.1.33"
#define PACKAGE_BUGREPORT ""
#define STDC_HEADERS 1
#define HAVE_SYS_TYPES_H 1
#define HAVE_SYS_STAT_H 1
#define HAVE_STDLIB_H 1
#define HAVE_STRING_H 1
#define HAVE_MEMORY_H 1
#define HAVE_STRINGS_H 1
#define HAVE_INTTYPES_H 1
#define HAVE_STDINT_H 1
#define HAVE_UNISTD_H 1
#define HAVE_LIBC 1
#define HAVE_LIBM 1
#define HAVE_LIBPTHREAD 1
#define HAVE_LIBRT 1
#define HAVE_LIBDL 1
#define HAVE_LIBNSL 1
#define HAVE_LIBRESOLV 1
#define HAVE_LIBZ 1
#define HAVE_LIBBZ2 1
#define HAVE_LIBTOKYOCABINET 1

configure: exit 0
